{"C:\\repositories\\fc4-tdd\\src\\application\\services\\booking_service.ts": {"path":"C:\\repositories\\fc4-tdd\\src\\application\\services\\booking_service.ts","statementMap":{"0":{"start":{"line":1,"column":0},"end":{"line":1,"column":56}},"1":{"start":{"line":2,"column":0},"end":{"line":2,"column":84}},"2":{"start":{"line":4,"column":0},"end":{"line":4,"column":66}},"3":{"start":{"line":8,"column":0},"end":{"line":8,"column":36}},"4":{"start":{"line":12,"column":21},"end":{"line":12,"column":57}},"5":{"start":{"line":13,"column":21},"end":{"line":13,"column":53}},"6":{"start":{"line":14,"column":21},"end":{"line":14,"column":45}},"7":{"start":{"line":18,"column":21},"end":{"line":19,"column":null}},"8":{"start":{"line":21,"column":4},"end":{"line":23,"column":5}},"9":{"start":{"line":22,"column":6},"end":{"line":22,"column":53}},"10":{"start":{"line":25,"column":18},"end":{"line":25,"column":66}},"11":{"start":{"line":26,"column":4},"end":{"line":28,"column":5}},"12":{"start":{"line":27,"column":6},"end":{"line":27,"column":49}},"13":{"start":{"line":30,"column":22},"end":{"line":30,"column":63}},"14":{"start":{"line":32,"column":20},"end":{"line":37,"column":null}},"15":{"start":{"line":40,"column":4},"end":{"line":40,"column":47}},"16":{"start":{"line":41,"column":4},"end":{"line":41,"column":19}},"17":{"start":{"line":45,"column":20},"end":{"line":45,"column":68}},"18":{"start":{"line":47,"column":4},"end":{"line":49,"column":5}},"19":{"start":{"line":48,"column":6},"end":{"line":48,"column":49}},"20":{"start":{"line":51,"column":4},"end":{"line":51,"column":32}},"21":{"start":{"line":52,"column":4},"end":{"line":52,"column":48}},"22":{"start":{"line":10,"column":0},"end":{"line":10,"column":13}}},"fnMap":{"0":{"name":"(anonymous_7)","decl":{"start":{"line":11,"column":2},"end":{"line":11,"column":null}},"loc":{"start":{"line":14,"column":45},"end":{"line":15,"column":6}}},"1":{"name":"(anonymous_8)","decl":{"start":{"line":17,"column":8},"end":{"line":17,"column":21}},"loc":{"start":{"line":17,"column":43},"end":{"line":42,"column":null}}},"2":{"name":"(anonymous_10)","decl":{"start":{"line":44,"column":8},"end":{"line":44,"column":21}},"loc":{"start":{"line":44,"column":39},"end":{"line":53,"column":null}}}},"branchMap":{"0":{"loc":{"start":{"line":21,"column":4},"end":{"line":23,"column":5}},"type":"if","locations":[{"start":{"line":21,"column":4},"end":{"line":23,"column":5}}]},"1":{"loc":{"start":{"line":26,"column":4},"end":{"line":28,"column":5}},"type":"if","locations":[{"start":{"line":26,"column":4},"end":{"line":28,"column":5}}]},"2":{"loc":{"start":{"line":47,"column":4},"end":{"line":49,"column":5}},"type":"if","locations":[{"start":{"line":47,"column":4},"end":{"line":49,"column":5}}]},"3":{"loc":{"start":{"line":51,"column":4},"end":{"line":51,"column":31}},"type":"cond-expr","locations":[{"start":{"line":51,"column":11},"end":{"line":51,"column":13}},{"start":{"line":51,"column":4},"end":{"line":51,"column":31}}]},"4":{"loc":{"start":{"line":51,"column":4},"end":{"line":51,"column":13}},"type":"binary-expr","locations":[{"start":{"line":51,"column":4},"end":{"line":51,"column":13}},{"start":{"line":51,"column":4},"end":{"line":51,"column":13}}]}},"s":{"0":2,"1":2,"2":2,"3":2,"4":7,"5":7,"6":7,"7":10,"8":10,"9":2,"10":8,"11":8,"12":1,"13":7,"14":7,"15":5,"16":5,"17":4,"18":4,"19":2,"20":2,"21":2,"22":2},"f":{"0":7,"1":10,"2":4},"b":{"0":[2],"1":[1],"2":[2],"3":[0,2],"4":[2,2]}}
,"C:\\repositories\\fc4-tdd\\src\\application\\services\\property_service.ts": {"path":"C:\\repositories\\fc4-tdd\\src\\application\\services\\property_service.ts","statementMap":{"0":{"start":{"line":5,"column":31},"end":{"line":5,"column":69}},"1":{"start":{"line":8,"column":4},"end":{"line":8,"column":48}},"2":{"start":{"line":4,"column":0},"end":{"line":4,"column":13}}},"fnMap":{"0":{"name":"(anonymous_7)","decl":{"start":{"line":5,"column":2},"end":{"line":5,"column":31}},"loc":{"start":{"line":5,"column":69},"end":{"line":5,"column":73}}},"1":{"name":"(anonymous_8)","decl":{"start":{"line":7,"column":8},"end":{"line":7,"column":24}},"loc":{"start":{"line":7,"column":35},"end":{"line":9,"column":null}}}},"branchMap":{},"s":{"0":4,"1":7,"2":3},"f":{"0":4,"1":7},"b":{}}
,"C:\\repositories\\fc4-tdd\\src\\application\\services\\user_service.ts": {"path":"C:\\repositories\\fc4-tdd\\src\\application\\services\\user_service.ts","statementMap":{"0":{"start":{"line":1,"column":0},"end":{"line":1,"column":50}},"1":{"start":{"line":4,"column":0},"end":{"line":4,"column":34}},"2":{"start":{"line":8,"column":31},"end":{"line":8,"column":61}},"3":{"start":{"line":10,"column":17},"end":{"line":10,"column":55}},"4":{"start":{"line":11,"column":4},"end":{"line":13,"column":5}},"5":{"start":{"line":12,"column":6},"end":{"line":12,"column":18}},"6":{"start":{"line":14,"column":4},"end":{"line":14,"column":54}},"7":{"start":{"line":18,"column":23},"end":{"line":18,"column":49}},"8":{"start":{"line":20,"column":4},"end":{"line":20,"column":47}},"9":{"start":{"line":7,"column":0},"end":{"line":7,"column":13}}},"fnMap":{"0":{"name":"(anonymous_7)","decl":{"start":{"line":8,"column":2},"end":{"line":8,"column":31}},"loc":{"start":{"line":8,"column":61},"end":{"line":8,"column":65}}},"1":{"name":"(anonymous_8)","decl":{"start":{"line":9,"column":8},"end":{"line":9,"column":20}},"loc":{"start":{"line":9,"column":31},"end":{"line":15,"column":null}}},"2":{"name":"(anonymous_10)","decl":{"start":{"line":16,"column":8},"end":{"line":16,"column":18}},"loc":{"start":{"line":16,"column":38},"end":{"line":21,"column":null}}}},"branchMap":{"0":{"loc":{"start":{"line":11,"column":4},"end":{"line":13,"column":5}},"type":"if","locations":[{"start":{"line":11,"column":4},"end":{"line":13,"column":5}}]}},"s":{"0":4,"1":4,"2":5,"3":6,"4":6,"5":1,"6":5,"7":2,"8":1,"9":4},"f":{"0":5,"1":6,"2":2},"b":{"0":[1]}}
,"C:\\repositories\\fc4-tdd\\src\\domain\\cancelation\\full_refund.ts": {"path":"C:\\repositories\\fc4-tdd\\src\\domain\\cancelation\\full_refund.ts","statementMap":{"0":{"start":{"line":5,"column":4},"end":{"line":5,"column":13}},"1":{"start":{"line":3,"column":0},"end":{"line":3,"column":13}}},"fnMap":{"0":{"name":"(anonymous_0)","decl":{"start":{"line":4,"column":2},"end":{"line":4,"column":17}},"loc":{"start":{"line":4,"column":36},"end":{"line":6,"column":3}}}},"branchMap":{},"s":{"0":1,"1":6},"f":{"0":1},"b":{}}
,"C:\\repositories\\fc4-tdd\\src\\domain\\cancelation\\no_refund copy.ts": {"path":"C:\\repositories\\fc4-tdd\\src\\domain\\cancelation\\no_refund copy.ts","statementMap":{"0":{"start":{"line":5,"column":4},"end":{"line":5,"column":22}},"1":{"start":{"line":3,"column":0},"end":{"line":3,"column":13}}},"fnMap":{"0":{"name":"(anonymous_0)","decl":{"start":{"line":4,"column":2},"end":{"line":4,"column":17}},"loc":{"start":{"line":4,"column":36},"end":{"line":6,"column":3}}}},"branchMap":{},"s":{"0":3,"1":6},"f":{"0":3},"b":{}}
,"C:\\repositories\\fc4-tdd\\src\\domain\\cancelation\\partial_refund.ts": {"path":"C:\\repositories\\fc4-tdd\\src\\domain\\cancelation\\partial_refund.ts","statementMap":{"0":{"start":{"line":5,"column":4},"end":{"line":5,"column":28}},"1":{"start":{"line":3,"column":0},"end":{"line":3,"column":13}}},"fnMap":{"0":{"name":"(anonymous_0)","decl":{"start":{"line":4,"column":2},"end":{"line":4,"column":17}},"loc":{"start":{"line":4,"column":36},"end":{"line":6,"column":3}}}},"branchMap":{},"s":{"0":3,"1":6},"f":{"0":3},"b":{}}
,"C:\\repositories\\fc4-tdd\\src\\domain\\cancelation\\refund_rule_factory.ts": {"path":"C:\\repositories\\fc4-tdd\\src\\domain\\cancelation\\refund_rule_factory.ts","statementMap":{"0":{"start":{"line":1,"column":0},"end":{"line":1,"column":43}},"1":{"start":{"line":2,"column":0},"end":{"line":2,"column":44}},"2":{"start":{"line":3,"column":0},"end":{"line":3,"column":49}},"3":{"start":{"line":8,"column":4},"end":{"line":12,"column":5}},"4":{"start":{"line":9,"column":6},"end":{"line":9,"column":30}},"5":{"start":{"line":10,"column":11},"end":{"line":12,"column":5}},"6":{"start":{"line":11,"column":6},"end":{"line":11,"column":33}},"7":{"start":{"line":13,"column":4},"end":{"line":13,"column":26}},"8":{"start":{"line":6,"column":0},"end":{"line":6,"column":13}}},"fnMap":{"0":{"name":"(anonymous_0)","decl":{"start":{"line":7,"column":2},"end":{"line":7,"column":8}},"loc":{"start":{"line":7,"column":47},"end":{"line":14,"column":3}}}},"branchMap":{"0":{"loc":{"start":{"line":8,"column":4},"end":{"line":12,"column":5}},"type":"if","locations":[{"start":{"line":8,"column":4},"end":{"line":12,"column":5}},{"start":{"line":10,"column":11},"end":{"line":12,"column":5}}]},"1":{"loc":{"start":{"line":10,"column":11},"end":{"line":12,"column":5}},"type":"if","locations":[{"start":{"line":10,"column":11},"end":{"line":12,"column":5}}]}},"s":{"0":6,"1":6,"2":6,"3":7,"4":1,"5":6,"6":3,"7":3,"8":6},"f":{"0":7},"b":{"0":[1,6],"1":[3]}}
,"C:\\repositories\\fc4-tdd\\src\\domain\\entities\\booking.ts": {"path":"C:\\repositories\\fc4-tdd\\src\\domain\\entities\\booking.ts","statementMap":{"0":{"start":{"line":3,"column":0},"end":{"line":3,"column":71}},"1":{"start":{"line":14,"column":10},"end":{"line":14,"column":58}},"2":{"start":{"line":24,"column":4},"end":{"line":26,"column":5}},"3":{"start":{"line":25,"column":6},"end":{"line":25,"column":71}},"4":{"start":{"line":27,"column":4},"end":{"line":27,"column":44}},"5":{"start":{"line":29,"column":4},"end":{"line":33,"column":5}},"6":{"start":{"line":30,"column":6},"end":{"line":32,"column":8}},"7":{"start":{"line":35,"column":4},"end":{"line":35,"column":17}},"8":{"start":{"line":36,"column":4},"end":{"line":36,"column":29}},"9":{"start":{"line":37,"column":4},"end":{"line":37,"column":23}},"10":{"start":{"line":38,"column":4},"end":{"line":38,"column":31}},"11":{"start":{"line":39,"column":4},"end":{"line":39,"column":33}},"12":{"start":{"line":40,"column":4},"end":{"line":40,"column":62}},"13":{"start":{"line":41,"column":4},"end":{"line":41,"column":30}},"14":{"start":{"line":43,"column":4},"end":{"line":43,"column":30}},"15":{"start":{"line":47,"column":4},"end":{"line":47,"column":19}},"16":{"start":{"line":51,"column":4},"end":{"line":51,"column":25}},"17":{"start":{"line":55,"column":4},"end":{"line":55,"column":22}},"18":{"start":{"line":59,"column":4},"end":{"line":59,"column":26}},"19":{"start":{"line":63,"column":4},"end":{"line":63,"column":27}},"20":{"start":{"line":67,"column":4},"end":{"line":67,"column":23}},"21":{"start":{"line":71,"column":4},"end":{"line":71,"column":27}},"22":{"start":{"line":75,"column":4},"end":{"line":75,"column":22}},"23":{"start":{"line":79,"column":4},"end":{"line":81,"column":5}},"24":{"start":{"line":80,"column":6},"end":{"line":80,"column":54}},"25":{"start":{"line":83,"column":24},"end":{"line":83,"column":53}},"26":{"start":{"line":84,"column":21},"end":{"line":84,"column":66}},"27":{"start":{"line":85,"column":29},"end":{"line":85,"column":69}},"28":{"start":{"line":87,"column":23},"end":{"line":87,"column":72}},"29":{"start":{"line":88,"column":4},"end":{"line":88,"column":66}},"30":{"start":{"line":89,"column":4},"end":{"line":89,"column":30}},"31":{"start":{"line":8,"column":0},"end":{"line":8,"column":13}}},"fnMap":{"0":{"name":"(anonymous_0)","decl":{"start":{"line":17,"column":2},"end":{"line":17,"column":null}},"loc":{"start":{"line":22,"column":22},"end":{"line":44,"column":3}}},"1":{"name":"(anonymous_1)","decl":{"start":{"line":46,"column":2},"end":{"line":46,"column":7}},"loc":{"start":{"line":46,"column":7},"end":{"line":48,"column":3}}},"2":{"name":"(anonymous_2)","decl":{"start":{"line":50,"column":2},"end":{"line":50,"column":13}},"loc":{"start":{"line":50,"column":13},"end":{"line":52,"column":3}}},"3":{"name":"(anonymous_3)","decl":{"start":{"line":54,"column":2},"end":{"line":54,"column":9}},"loc":{"start":{"line":54,"column":9},"end":{"line":56,"column":3}}},"4":{"name":"(anonymous_4)","decl":{"start":{"line":58,"column":2},"end":{"line":58,"column":14}},"loc":{"start":{"line":58,"column":14},"end":{"line":60,"column":3}}},"5":{"name":"(anonymous_5)","decl":{"start":{"line":62,"column":2},"end":{"line":62,"column":15}},"loc":{"start":{"line":62,"column":15},"end":{"line":64,"column":3}}},"6":{"name":"(anonymous_6)","decl":{"start":{"line":66,"column":2},"end":{"line":66,"column":11}},"loc":{"start":{"line":66,"column":11},"end":{"line":68,"column":3}}},"7":{"name":"(anonymous_7)","decl":{"start":{"line":70,"column":2},"end":{"line":70,"column":15}},"loc":{"start":{"line":70,"column":15},"end":{"line":72,"column":3}}},"8":{"name":"(anonymous_8)","decl":{"start":{"line":74,"column":2},"end":{"line":74,"column":10}},"loc":{"start":{"line":74,"column":10},"end":{"line":76,"column":3}}},"9":{"name":"(anonymous_9)","decl":{"start":{"line":78,"column":2},"end":{"line":78,"column":8}},"loc":{"start":{"line":78,"column":26},"end":{"line":90,"column":3}}}},"branchMap":{"0":{"loc":{"start":{"line":24,"column":4},"end":{"line":26,"column":5}},"type":"if","locations":[{"start":{"line":24,"column":4},"end":{"line":26,"column":5}}]},"1":{"loc":{"start":{"line":29,"column":4},"end":{"line":33,"column":5}},"type":"if","locations":[{"start":{"line":29,"column":4},"end":{"line":33,"column":5}}]},"2":{"loc":{"start":{"line":79,"column":4},"end":{"line":81,"column":5}},"type":"if","locations":[{"start":{"line":79,"column":4},"end":{"line":81,"column":5}}]}},"s":{"0":6,"1":25,"2":25,"3":2,"4":23,"5":22,"6":2,"7":20,"8":20,"9":20,"10":20,"11":20,"12":20,"13":20,"14":20,"15":21,"16":12,"17":1,"18":24,"19":11,"20":19,"21":15,"22":11,"23":8,"24":1,"25":7,"26":7,"27":7,"28":7,"29":7,"30":7,"31":6},"f":{"0":25,"1":21,"2":12,"3":1,"4":24,"5":11,"6":19,"7":15,"8":11,"9":8},"b":{"0":[2],"1":[2],"2":[1]}}
,"C:\\repositories\\fc4-tdd\\src\\domain\\entities\\property.ts": {"path":"C:\\repositories\\fc4-tdd\\src\\domain\\entities\\property.ts","statementMap":{"0":{"start":{"line":7,"column":12},"end":{"line":7,"column":22}},"1":{"start":{"line":8,"column":12},"end":{"line":8,"column":24}},"2":{"start":{"line":9,"column":12},"end":{"line":9,"column":31}},"3":{"start":{"line":10,"column":12},"end":{"line":10,"column":29}},"4":{"start":{"line":11,"column":12},"end":{"line":11,"column":37}},"5":{"start":{"line":5,"column":19},"end":{"line":5,"column":44}},"6":{"start":{"line":13,"column":4},"end":{"line":15,"column":5}},"7":{"start":{"line":14,"column":6},"end":{"line":14,"column":46}},"8":{"start":{"line":16,"column":4},"end":{"line":18,"column":5}},"9":{"start":{"line":17,"column":6},"end":{"line":17,"column":77}},"10":{"start":{"line":19,"column":4},"end":{"line":19,"column":17}},"11":{"start":{"line":20,"column":4},"end":{"line":20,"column":21}},"12":{"start":{"line":21,"column":4},"end":{"line":21,"column":35}},"13":{"start":{"line":22,"column":4},"end":{"line":22,"column":31}},"14":{"start":{"line":23,"column":4},"end":{"line":23,"column":47}},"15":{"start":{"line":27,"column":4},"end":{"line":27,"column":19}},"16":{"start":{"line":31,"column":4},"end":{"line":31,"column":21}},"17":{"start":{"line":35,"column":4},"end":{"line":35,"column":28}},"18":{"start":{"line":39,"column":4},"end":{"line":39,"column":26}},"19":{"start":{"line":43,"column":4},"end":{"line":43,"column":34}},"20":{"start":{"line":47,"column":4},"end":{"line":51,"column":5}},"21":{"start":{"line":48,"column":6},"end":{"line":50,"column":8}},"22":{"start":{"line":55,"column":24},"end":{"line":55,"column":50}},"23":{"start":{"line":56,"column":21},"end":{"line":56,"column":57}},"24":{"start":{"line":58,"column":4},"end":{"line":60,"column":5}},"25":{"start":{"line":59,"column":6},"end":{"line":59,"column":24}},"26":{"start":{"line":62,"column":4},"end":{"line":62,"column":22}},"27":{"start":{"line":66,"column":4},"end":{"line":70,"column":6}},"28":{"start":{"line":68,"column":8},"end":{"line":69,"column":50}},"29":{"start":{"line":74,"column":4},"end":{"line":74,"column":32}},"30":{"start":{"line":4,"column":0},"end":{"line":4,"column":13}}},"fnMap":{"0":{"name":"(anonymous_0)","decl":{"start":{"line":6,"column":2},"end":{"line":6,"column":null}},"loc":{"start":{"line":11,"column":37},"end":{"line":24,"column":3}}},"1":{"name":"(anonymous_1)","decl":{"start":{"line":26,"column":2},"end":{"line":26,"column":7}},"loc":{"start":{"line":26,"column":7},"end":{"line":28,"column":3}}},"2":{"name":"(anonymous_2)","decl":{"start":{"line":30,"column":2},"end":{"line":30,"column":9}},"loc":{"start":{"line":30,"column":9},"end":{"line":32,"column":3}}},"3":{"name":"(anonymous_3)","decl":{"start":{"line":34,"column":2},"end":{"line":34,"column":16}},"loc":{"start":{"line":34,"column":16},"end":{"line":36,"column":3}}},"4":{"name":"(anonymous_4)","decl":{"start":{"line":38,"column":2},"end":{"line":38,"column":14}},"loc":{"start":{"line":38,"column":14},"end":{"line":40,"column":3}}},"5":{"name":"(anonymous_5)","decl":{"start":{"line":42,"column":2},"end":{"line":42,"column":22}},"loc":{"start":{"line":42,"column":22},"end":{"line":44,"column":3}}},"6":{"name":"(anonymous_6)","decl":{"start":{"line":46,"column":2},"end":{"line":46,"column":20}},"loc":{"start":{"line":46,"column":39},"end":{"line":52,"column":3}}},"7":{"name":"(anonymous_7)","decl":{"start":{"line":54,"column":2},"end":{"line":54,"column":21}},"loc":{"start":{"line":54,"column":42},"end":{"line":63,"column":3}}},"8":{"name":"(anonymous_8)","decl":{"start":{"line":65,"column":2},"end":{"line":65,"column":13}},"loc":{"start":{"line":65,"column":34},"end":{"line":71,"column":3}}},"9":{"name":"(anonymous_9)","decl":{"start":{"line":67,"column":6},"end":{"line":67,"column":7}},"loc":{"start":{"line":68,"column":8},"end":{"line":69,"column":50}}},"10":{"name":"(anonymous_10)","decl":{"start":{"line":73,"column":2},"end":{"line":73,"column":12}},"loc":{"start":{"line":73,"column":29},"end":{"line":75,"column":3}}}},"branchMap":{"0":{"loc":{"start":{"line":13,"column":4},"end":{"line":15,"column":5}},"type":"if","locations":[{"start":{"line":13,"column":4},"end":{"line":15,"column":5}}]},"1":{"loc":{"start":{"line":16,"column":4},"end":{"line":18,"column":5}},"type":"if","locations":[{"start":{"line":16,"column":4},"end":{"line":18,"column":5}}]},"2":{"loc":{"start":{"line":47,"column":4},"end":{"line":51,"column":5}},"type":"if","locations":[{"start":{"line":47,"column":4},"end":{"line":51,"column":5}}]},"3":{"loc":{"start":{"line":58,"column":4},"end":{"line":60,"column":5}},"type":"if","locations":[{"start":{"line":58,"column":4},"end":{"line":60,"column":5}}]},"4":{"loc":{"start":{"line":68,"column":8},"end":{"line":69,"column":50}},"type":"binary-expr","locations":[{"start":{"line":68,"column":8},"end":{"line":68,"column":43}},{"start":{"line":69,"column":8},"end":{"line":69,"column":50}}]}},"s":{"0":39,"1":39,"2":39,"3":39,"4":39,"5":39,"6":39,"7":2,"8":37,"9":1,"10":36,"11":36,"12":36,"13":36,"14":36,"15":26,"16":16,"17":13,"18":13,"19":13,"20":20,"21":2,"22":19,"23":19,"24":19,"25":3,"26":19,"27":20,"28":3,"29":17,"30":8},"f":{"0":39,"1":26,"2":16,"3":13,"4":13,"5":13,"6":20,"7":19,"8":20,"9":3,"10":17},"b":{"0":[2],"1":[1],"2":[2],"3":[3],"4":[3,3]}}
,"C:\\repositories\\fc4-tdd\\src\\domain\\entities\\user.ts": {"path":"C:\\repositories\\fc4-tdd\\src\\domain\\entities\\user.ts","statementMap":{"0":{"start":{"line":5,"column":4},"end":{"line":7,"column":5}},"1":{"start":{"line":6,"column":6},"end":{"line":6,"column":46}},"2":{"start":{"line":9,"column":4},"end":{"line":11,"column":5}},"3":{"start":{"line":10,"column":6},"end":{"line":10,"column":44}},"4":{"start":{"line":13,"column":4},"end":{"line":13,"column":17}},"5":{"start":{"line":14,"column":4},"end":{"line":14,"column":21}},"6":{"start":{"line":17,"column":4},"end":{"line":17,"column":19}},"7":{"start":{"line":21,"column":4},"end":{"line":21,"column":21}},"8":{"start":{"line":1,"column":0},"end":{"line":1,"column":13}}},"fnMap":{"0":{"name":"(anonymous_0)","decl":{"start":{"line":4,"column":2},"end":{"line":4,"column":14}},"loc":{"start":{"line":4,"column":38},"end":{"line":15,"column":3}}},"1":{"name":"(anonymous_1)","decl":{"start":{"line":16,"column":2},"end":{"line":16,"column":7}},"loc":{"start":{"line":16,"column":7},"end":{"line":18,"column":3}}},"2":{"name":"(anonymous_2)","decl":{"start":{"line":20,"column":2},"end":{"line":20,"column":9}},"loc":{"start":{"line":20,"column":9},"end":{"line":22,"column":3}}}},"branchMap":{"0":{"loc":{"start":{"line":5,"column":4},"end":{"line":7,"column":5}},"type":"if","locations":[{"start":{"line":5,"column":4},"end":{"line":7,"column":5}}]},"1":{"loc":{"start":{"line":9,"column":4},"end":{"line":11,"column":5}},"type":"if","locations":[{"start":{"line":9,"column":4},"end":{"line":11,"column":5}}]}},"s":{"0":44,"1":2,"2":42,"3":1,"4":41,"5":41,"6":29,"7":19,"8":12},"f":{"0":44,"1":29,"2":19},"b":{"0":[2],"1":[1]}}
,"C:\\repositories\\fc4-tdd\\src\\domain\\value_objects\\date_range.ts": {"path":"C:\\repositories\\fc4-tdd\\src\\domain\\value_objects\\date_range.ts","statementMap":{"0":{"start":{"line":6,"column":4},"end":{"line":6,"column":43}},"1":{"start":{"line":7,"column":4},"end":{"line":7,"column":31}},"2":{"start":{"line":8,"column":4},"end":{"line":8,"column":27}},"3":{"start":{"line":12,"column":4},"end":{"line":14,"column":5}},"4":{"start":{"line":13,"column":6},"end":{"line":13,"column":74}},"5":{"start":{"line":15,"column":4},"end":{"line":17,"column":5}},"6":{"start":{"line":16,"column":6},"end":{"line":16,"column":80}},"7":{"start":{"line":21,"column":4},"end":{"line":21,"column":26}},"8":{"start":{"line":25,"column":4},"end":{"line":25,"column":24}},"9":{"start":{"line":29,"column":21},"end":{"line":29,"column":70}},"10":{"start":{"line":30,"column":4},"end":{"line":30,"column":52}},"11":{"start":{"line":34,"column":4},"end":{"line":36,"column":6}},"12":{"start":{"line":1,"column":0},"end":{"line":1,"column":13}}},"fnMap":{"0":{"name":"(anonymous_0)","decl":{"start":{"line":5,"column":2},"end":{"line":5,"column":14}},"loc":{"start":{"line":5,"column":44},"end":{"line":9,"column":3}}},"1":{"name":"(anonymous_1)","decl":{"start":{"line":11,"column":10},"end":{"line":11,"column":23}},"loc":{"start":{"line":11,"column":54},"end":{"line":18,"column":3}}},"2":{"name":"(anonymous_2)","decl":{"start":{"line":20,"column":2},"end":{"line":20,"column":14}},"loc":{"start":{"line":20,"column":14},"end":{"line":22,"column":3}}},"3":{"name":"(anonymous_3)","decl":{"start":{"line":24,"column":2},"end":{"line":24,"column":12}},"loc":{"start":{"line":24,"column":12},"end":{"line":26,"column":3}}},"4":{"name":"(anonymous_4)","decl":{"start":{"line":28,"column":2},"end":{"line":28,"column":16}},"loc":{"start":{"line":28,"column":16},"end":{"line":31,"column":3}}},"5":{"name":"(anonymous_5)","decl":{"start":{"line":33,"column":2},"end":{"line":33,"column":10}},"loc":{"start":{"line":33,"column":27},"end":{"line":37,"column":3}}}},"branchMap":{"0":{"loc":{"start":{"line":12,"column":4},"end":{"line":14,"column":5}},"type":"if","locations":[{"start":{"line":12,"column":4},"end":{"line":14,"column":5}}]},"1":{"loc":{"start":{"line":15,"column":4},"end":{"line":17,"column":5}},"type":"if","locations":[{"start":{"line":15,"column":4},"end":{"line":17,"column":5}}]},"2":{"loc":{"start":{"line":35,"column":6},"end":{"line":35,"column":75}},"type":"binary-expr","locations":[{"start":{"line":35,"column":6},"end":{"line":35,"column":36}},{"start":{"line":35,"column":40},"end":{"line":35,"column":75}}]}},"s":{"0":35,"1":33,"2":33,"3":35,"4":1,"5":34,"6":1,"7":22,"8":11,"9":21,"10":21,"11":4,"12":7},"f":{"0":35,"1":35,"2":22,"3":11,"4":21,"5":4},"b":{"0":[1],"1":[1],"2":[4,4]}}
,"C:\\repositories\\fc4-tdd\\src\\infrastructure\\persistence\\entities\\booking_entity.ts": {"path":"C:\\repositories\\fc4-tdd\\src\\infrastructure\\persistence\\entities\\booking_entity.ts","statementMap":{"0":{"start":{"line":1,"column":0},"end":{"line":1,"column":null}},"1":{"start":{"line":9,"column":0},"end":{"line":9,"column":51}},"2":{"start":{"line":10,"column":0},"end":{"line":10,"column":43}},"3":{"start":{"line":13,"column":7},"end":{"line":41,"column":null}},"4":{"start":{"line":13,"column":13},"end":{"line":13,"column":26}},"5":{"start":{"line":15,"column":2},"end":{"line":15,"column":null}},"6":{"start":{"line":21,"column":2},"end":{"line":21,"column":null}},"7":{"start":{"line":17,"column":19},"end":{"line":17,"column":33}},"8":{"start":{"line":17,"column":49},"end":{"line":17,"column":66}},"9":{"start":{"line":25,"column":2},"end":{"line":25,"column":null}},"10":{"start":{"line":23,"column":19},"end":{"line":23,"column":29}},"11":{"start":{"line":28,"column":2},"end":{"line":28,"column":null}},"12":{"start":{"line":31,"column":2},"end":{"line":31,"column":null}},"13":{"start":{"line":34,"column":2},"end":{"line":34,"column":null}},"14":{"start":{"line":37,"column":2},"end":{"line":37,"column":null}},"15":{"start":{"line":40,"column":2},"end":{"line":40,"column":null}},"16":{"start":{"line":13,"column":13},"end":{"line":41,"column":null}}},"fnMap":{"0":{"name":"(anonymous_2)","decl":{"start":{"line":17,"column":13},"end":{"line":17,"column":16}},"loc":{"start":{"line":17,"column":19},"end":{"line":17,"column":33}}},"1":{"name":"(anonymous_3)","decl":{"start":{"line":17,"column":35},"end":{"line":17,"column":36}},"loc":{"start":{"line":17,"column":49},"end":{"line":17,"column":66}}},"2":{"name":"(anonymous_4)","decl":{"start":{"line":23,"column":13},"end":{"line":23,"column":16}},"loc":{"start":{"line":23,"column":19},"end":{"line":23,"column":29}}}},"branchMap":{},"s":{"0":5,"1":5,"2":5,"3":5,"4":5,"5":5,"6":5,"7":3,"8":3,"9":5,"10":3,"11":5,"12":5,"13":5,"14":5,"15":5,"16":5},"f":{"0":3,"1":3,"2":3},"b":{}}
,"C:\\repositories\\fc4-tdd\\src\\infrastructure\\persistence\\entities\\property_entity.ts": {"path":"C:\\repositories\\fc4-tdd\\src\\infrastructure\\persistence\\entities\\property_entity.ts","statementMap":{"0":{"start":{"line":1,"column":0},"end":{"line":1,"column":67}},"1":{"start":{"line":2,"column":0},"end":{"line":2,"column":49}},"2":{"start":{"line":5,"column":7},"end":{"line":23,"column":null}},"3":{"start":{"line":5,"column":13},"end":{"line":5,"column":27}},"4":{"start":{"line":7,"column":2},"end":{"line":7,"column":null}},"5":{"start":{"line":10,"column":2},"end":{"line":10,"column":null}},"6":{"start":{"line":13,"column":2},"end":{"line":13,"column":null}},"7":{"start":{"line":16,"column":2},"end":{"line":16,"column":null}},"8":{"start":{"line":19,"column":2},"end":{"line":19,"column":null}},"9":{"start":{"line":22,"column":2},"end":{"line":22,"column":null}},"10":{"start":{"line":21,"column":19},"end":{"line":21,"column":32}},"11":{"start":{"line":21,"column":47},"end":{"line":21,"column":63}},"12":{"start":{"line":5,"column":13},"end":{"line":23,"column":null}}},"fnMap":{"0":{"name":"(anonymous_2)","decl":{"start":{"line":21,"column":13},"end":{"line":21,"column":16}},"loc":{"start":{"line":21,"column":19},"end":{"line":21,"column":32}}},"1":{"name":"(anonymous_3)","decl":{"start":{"line":21,"column":34},"end":{"line":21,"column":35}},"loc":{"start":{"line":21,"column":47},"end":{"line":21,"column":63}}}},"branchMap":{},"s":{"0":5,"1":5,"2":5,"3":5,"4":5,"5":5,"6":5,"7":5,"8":5,"9":5,"10":3,"11":3,"12":5},"f":{"0":3,"1":3},"b":{}}
,"C:\\repositories\\fc4-tdd\\src\\infrastructure\\persistence\\entities\\user_entity.ts": {"path":"C:\\repositories\\fc4-tdd\\src\\infrastructure\\persistence\\entities\\user_entity.ts","statementMap":{"0":{"start":{"line":1,"column":0},"end":{"line":1,"column":56}},"1":{"start":{"line":4,"column":7},"end":{"line":10,"column":null}},"2":{"start":{"line":4,"column":13},"end":{"line":4,"column":23}},"3":{"start":{"line":6,"column":2},"end":{"line":6,"column":null}},"4":{"start":{"line":9,"column":2},"end":{"line":9,"column":null}},"5":{"start":{"line":4,"column":13},"end":{"line":10,"column":null}}},"fnMap":{},"branchMap":{},"s":{"0":7,"1":7,"2":7,"3":7,"4":7,"5":7},"f":{},"b":{}}
,"C:\\repositories\\fc4-tdd\\src\\infrastructure\\persistence\\mappers\\booking_mapper.ts": {"path":"C:\\repositories\\fc4-tdd\\src\\infrastructure\\persistence\\mappers\\booking_mapper.ts","statementMap":{"0":{"start":{"line":1,"column":0},"end":{"line":1,"column":59}},"1":{"start":{"line":3,"column":0},"end":{"line":3,"column":69}},"2":{"start":{"line":4,"column":0},"end":{"line":4,"column":59}},"3":{"start":{"line":5,"column":0},"end":{"line":5,"column":51}},"4":{"start":{"line":6,"column":0},"end":{"line":6,"column":43}},"5":{"start":{"line":10,"column":18},"end":{"line":10,"column":51}},"6":{"start":{"line":11,"column":22},"end":{"line":11,"column":69}},"7":{"start":{"line":13,"column":20},"end":{"line":18,"column":null}},"8":{"start":{"line":21,"column":4},"end":{"line":21,"column":54}},"9":{"start":{"line":22,"column":4},"end":{"line":22,"column":38}},"10":{"start":{"line":24,"column":4},"end":{"line":24,"column":19}},"11":{"start":{"line":28,"column":19},"end":{"line":28,"column":38}},"12":{"start":{"line":29,"column":4},"end":{"line":29,"column":31}},"13":{"start":{"line":30,"column":4},"end":{"line":30,"column":73}},"14":{"start":{"line":31,"column":4},"end":{"line":31,"column":63}},"15":{"start":{"line":32,"column":4},"end":{"line":32,"column":60}},"16":{"start":{"line":33,"column":4},"end":{"line":33,"column":56}},"17":{"start":{"line":34,"column":4},"end":{"line":34,"column":47}},"18":{"start":{"line":35,"column":4},"end":{"line":35,"column":47}},"19":{"start":{"line":36,"column":4},"end":{"line":36,"column":39}},"20":{"start":{"line":37,"column":4},"end":{"line":37,"column":18}},"21":{"start":{"line":8,"column":0},"end":{"line":8,"column":13}}},"fnMap":{"0":{"name":"(anonymous_0)","decl":{"start":{"line":9,"column":2},"end":{"line":9,"column":8}},"loc":{"start":{"line":9,"column":60},"end":{"line":25,"column":3}}},"1":{"name":"(anonymous_1)","decl":{"start":{"line":27,"column":2},"end":{"line":27,"column":8}},"loc":{"start":{"line":27,"column":38},"end":{"line":38,"column":3}}}},"branchMap":{"0":{"loc":{"start":{"line":15,"column":6},"end":{"line":15,"column":58}},"type":"binary-expr","locations":[{"start":{"line":15,"column":6},"end":{"line":15,"column":14}},{"start":{"line":15,"column":18},"end":{"line":15,"column":58}}]}},"s":{"0":3,"1":3,"2":3,"3":3,"4":3,"5":5,"6":4,"7":4,"8":4,"9":4,"10":4,"11":7,"12":7,"13":7,"14":7,"15":7,"16":7,"17":7,"18":7,"19":7,"20":7,"21":3},"f":{"0":5,"1":7},"b":{"0":[4,4]}}
,"C:\\repositories\\fc4-tdd\\src\\infrastructure\\persistence\\mappers\\property_mapper.ts": {"path":"C:\\repositories\\fc4-tdd\\src\\infrastructure\\persistence\\mappers\\property_mapper.ts","statementMap":{"0":{"start":{"line":1,"column":0},"end":{"line":1,"column":61}},"1":{"start":{"line":2,"column":0},"end":{"line":2,"column":61}},"2":{"start":{"line":6,"column":4},"end":{"line":12,"column":6}},"3":{"start":{"line":16,"column":19},"end":{"line":16,"column":39}},"4":{"start":{"line":17,"column":4},"end":{"line":17,"column":31}},"5":{"start":{"line":18,"column":4},"end":{"line":18,"column":35}},"6":{"start":{"line":19,"column":4},"end":{"line":19,"column":49}},"7":{"start":{"line":20,"column":4},"end":{"line":20,"column":45}},"8":{"start":{"line":21,"column":4},"end":{"line":21,"column":61}},"9":{"start":{"line":22,"column":4},"end":{"line":22,"column":18}},"10":{"start":{"line":4,"column":0},"end":{"line":4,"column":13}}},"fnMap":{"0":{"name":"(anonymous_0)","decl":{"start":{"line":5,"column":2},"end":{"line":5,"column":8}},"loc":{"start":{"line":5,"column":40},"end":{"line":13,"column":3}}},"1":{"name":"(anonymous_1)","decl":{"start":{"line":15,"column":2},"end":{"line":15,"column":8}},"loc":{"start":{"line":15,"column":39},"end":{"line":23,"column":3}}}},"branchMap":{},"s":{"0":5,"1":5,"2":10,"3":10,"4":10,"5":10,"6":10,"7":10,"8":10,"9":10,"10":5},"f":{"0":10,"1":10},"b":{}}
,"C:\\repositories\\fc4-tdd\\src\\infrastructure\\persistence\\mappers\\user_mapper.ts": {"path":"C:\\repositories\\fc4-tdd\\src\\infrastructure\\persistence\\mappers\\user_mapper.ts","statementMap":{"0":{"start":{"line":1,"column":0},"end":{"line":1,"column":53}},"1":{"start":{"line":2,"column":0},"end":{"line":2,"column":53}},"2":{"start":{"line":6,"column":4},"end":{"line":6,"column":44}},"3":{"start":{"line":10,"column":19},"end":{"line":10,"column":35}},"4":{"start":{"line":11,"column":4},"end":{"line":11,"column":31}},"5":{"start":{"line":12,"column":4},"end":{"line":12,"column":35}},"6":{"start":{"line":13,"column":4},"end":{"line":13,"column":18}},"7":{"start":{"line":4,"column":0},"end":{"line":4,"column":13}}},"fnMap":{"0":{"name":"(anonymous_0)","decl":{"start":{"line":5,"column":2},"end":{"line":5,"column":8}},"loc":{"start":{"line":5,"column":36},"end":{"line":7,"column":3}}},"1":{"name":"(anonymous_1)","decl":{"start":{"line":9,"column":2},"end":{"line":9,"column":8}},"loc":{"start":{"line":9,"column":35},"end":{"line":14,"column":3}}}},"branchMap":{},"s":{"0":5,"1":5,"2":9,"3":10,"4":10,"5":10,"6":10,"7":5},"f":{"0":9,"1":10},"b":{}}
,"C:\\repositories\\fc4-tdd\\src\\infrastructure\\persistence\\mappers\\user_mappers.ts": {"path":"C:\\repositories\\fc4-tdd\\src\\infrastructure\\persistence\\mappers\\user_mappers.ts","statementMap":{"0":{"start":{"line":2,"column":0},"end":{"line":2,"column":53}},"1":{"start":{"line":6,"column":8},"end":{"line":6,"column":50}},"2":{"start":{"line":10,"column":8},"end":{"line":13,"column":10}},"3":{"start":{"line":4,"column":0},"end":{"line":4,"column":13}}},"fnMap":{"0":{"name":"(anonymous_0)","decl":{"start":{"line":5,"column":4},"end":{"line":5,"column":10}},"loc":{"start":{"line":5,"column":36},"end":{"line":7,"column":5}}},"1":{"name":"(anonymous_1)","decl":{"start":{"line":9,"column":4},"end":{"line":9,"column":10}},"loc":{"start":{"line":9,"column":27},"end":{"line":14,"column":5}}}},"branchMap":{},"s":{"0":3,"1":8,"2":1,"3":3},"f":{"0":8,"1":1},"b":{}}
,"C:\\repositories\\fc4-tdd\\src\\infrastructure\\repositories\\fake_booking_repository.ts": {"path":"C:\\repositories\\fc4-tdd\\src\\infrastructure\\repositories\\fake_booking_repository.ts","statementMap":{"0":{"start":{"line":5,"column":10},"end":{"line":5,"column":35}},"1":{"start":{"line":8,"column":4},"end":{"line":8,"column":32}},"2":{"start":{"line":12,"column":4},"end":{"line":12,"column":75}},"3":{"start":{"line":12,"column":43},"end":{"line":12,"column":65}},"4":{"start":{"line":4,"column":0},"end":{"line":4,"column":13}}},"fnMap":{"0":{"name":"(anonymous_7)","decl":{"start":{"line":4,"column":0},"end":{"line":4,"column":13}},"loc":{"start":{"line":4,"column":0},"end":{"line":14,"column":1}}},"1":{"name":"(anonymous_8)","decl":{"start":{"line":7,"column":8},"end":{"line":7,"column":12}},"loc":{"start":{"line":7,"column":29},"end":{"line":9,"column":null}}},"2":{"name":"(anonymous_10)","decl":{"start":{"line":11,"column":8},"end":{"line":11,"column":16}},"loc":{"start":{"line":11,"column":27},"end":{"line":13,"column":null}}},"3":{"name":"(anonymous_12)","decl":{"start":{"line":12,"column":30},"end":{"line":12,"column":31}},"loc":{"start":{"line":12,"column":43},"end":{"line":12,"column":65}}}},"branchMap":{"0":{"loc":{"start":{"line":12,"column":11},"end":{"line":12,"column":74}},"type":"binary-expr","locations":[{"start":{"line":12,"column":11},"end":{"line":12,"column":66}},{"start":{"line":12,"column":70},"end":{"line":12,"column":74}}]}},"s":{"0":6,"1":4,"2":4,"3":3,"4":1},"f":{"0":6,"1":4,"2":4,"3":3},"b":{"0":[4,1]}}
,"C:\\repositories\\fc4-tdd\\src\\infrastructure\\repositories\\fake_property_repository.ts": {"path":"C:\\repositories\\fc4-tdd\\src\\infrastructure\\repositories\\fake_property_repository.ts","statementMap":{"0":{"start":{"line":1,"column":0},"end":{"line":1,"column":58}},"1":{"start":{"line":5,"column":10},"end":{"line":8,"column":4}},"2":{"start":{"line":11,"column":4},"end":{"line":11,"column":79}},"3":{"start":{"line":11,"column":46},"end":{"line":11,"column":69}},"4":{"start":{"line":15,"column":4},"end":{"line":15,"column":35}},"5":{"start":{"line":4,"column":0},"end":{"line":4,"column":13}}},"fnMap":{"0":{"name":"(anonymous_7)","decl":{"start":{"line":4,"column":0},"end":{"line":4,"column":13}},"loc":{"start":{"line":4,"column":0},"end":{"line":17,"column":1}}},"1":{"name":"(anonymous_8)","decl":{"start":{"line":10,"column":8},"end":{"line":10,"column":16}},"loc":{"start":{"line":10,"column":27},"end":{"line":12,"column":null}}},"2":{"name":"(anonymous_10)","decl":{"start":{"line":11,"column":32},"end":{"line":11,"column":33}},"loc":{"start":{"line":11,"column":46},"end":{"line":11,"column":69}}},"3":{"name":"(anonymous_11)","decl":{"start":{"line":14,"column":8},"end":{"line":14,"column":12}},"loc":{"start":{"line":14,"column":31},"end":{"line":16,"column":null}}}},"branchMap":{"0":{"loc":{"start":{"line":11,"column":11},"end":{"line":11,"column":78}},"type":"cond-expr","locations":[{"start":{"line":11,"column":70},"end":{"line":11,"column":74}},{"start":{"line":11,"column":74},"end":{"line":11,"column":78}}]},"1":{"loc":{"start":{"line":11,"column":11},"end":{"line":11,"column":74}},"type":"binary-expr","locations":[{"start":{"line":11,"column":11},"end":{"line":11,"column":74}},{"start":{"line":11,"column":70},"end":{"line":11,"column":74}}]}},"s":{"0":1,"1":3,"2":3,"3":6,"4":1,"5":1},"f":{"0":3,"1":3,"2":6,"3":1},"b":{"0":[2,1],"1":[3,3]}}
,"C:\\repositories\\fc4-tdd\\src\\infrastructure\\repositories\\fake_user_repository.ts": {"path":"C:\\repositories\\fc4-tdd\\src\\infrastructure\\repositories\\fake_user_repository.ts","statementMap":{"0":{"start":{"line":1,"column":0},"end":{"line":1,"column":50}},"1":{"start":{"line":5,"column":10},"end":{"line":8,"column":4}},"2":{"start":{"line":11,"column":4},"end":{"line":11,"column":66}},"3":{"start":{"line":11,"column":37},"end":{"line":11,"column":56}},"4":{"start":{"line":15,"column":4},"end":{"line":15,"column":26}},"5":{"start":{"line":4,"column":0},"end":{"line":4,"column":13}}},"fnMap":{"0":{"name":"(anonymous_7)","decl":{"start":{"line":4,"column":0},"end":{"line":4,"column":13}},"loc":{"start":{"line":4,"column":0},"end":{"line":17,"column":1}}},"1":{"name":"(anonymous_8)","decl":{"start":{"line":10,"column":8},"end":{"line":10,"column":16}},"loc":{"start":{"line":10,"column":27},"end":{"line":12,"column":null}}},"2":{"name":"(anonymous_10)","decl":{"start":{"line":11,"column":27},"end":{"line":11,"column":28}},"loc":{"start":{"line":11,"column":37},"end":{"line":11,"column":56}}},"3":{"name":"(anonymous_11)","decl":{"start":{"line":14,"column":8},"end":{"line":14,"column":12}},"loc":{"start":{"line":14,"column":23},"end":{"line":16,"column":null}}}},"branchMap":{"0":{"loc":{"start":{"line":11,"column":11},"end":{"line":11,"column":65}},"type":"binary-expr","locations":[{"start":{"line":11,"column":11},"end":{"line":11,"column":57}},{"start":{"line":11,"column":61},"end":{"line":11,"column":65}}]}},"s":{"0":1,"1":3,"2":3,"3":6,"4":1,"5":1},"f":{"0":3,"1":3,"2":6,"3":1},"b":{"0":[3,1]}}
,"C:\\repositories\\fc4-tdd\\src\\infrastructure\\repositories\\typeorm_booking_repository.ts": {"path":"C:\\repositories\\fc4-tdd\\src\\infrastructure\\repositories\\typeorm_booking_repository.ts","statementMap":{"0":{"start":{"line":5,"column":0},"end":{"line":5,"column":70}},"1":{"start":{"line":11,"column":4},"end":{"line":11,"column":33}},"2":{"start":{"line":15,"column":26},"end":{"line":15,"column":62}},"3":{"start":{"line":16,"column":4},"end":{"line":16,"column":46}},"4":{"start":{"line":20,"column":26},"end":{"line":23,"column":6}},"5":{"start":{"line":24,"column":4},"end":{"line":24,"column":72}},"6":{"start":{"line":7,"column":0},"end":{"line":7,"column":13}}},"fnMap":{"0":{"name":"(anonymous_7)","decl":{"start":{"line":10,"column":2},"end":{"line":10,"column":14}},"loc":{"start":{"line":10,"column":51},"end":{"line":12,"column":3}}},"1":{"name":"(anonymous_8)","decl":{"start":{"line":14,"column":8},"end":{"line":14,"column":12}},"loc":{"start":{"line":14,"column":29},"end":{"line":17,"column":null}}},"2":{"name":"(anonymous_10)","decl":{"start":{"line":19,"column":8},"end":{"line":19,"column":16}},"loc":{"start":{"line":19,"column":27},"end":{"line":25,"column":null}}}},"branchMap":{"0":{"loc":{"start":{"line":24,"column":11},"end":{"line":24,"column":71}},"type":"cond-expr","locations":[{"start":{"line":24,"column":27},"end":{"line":24,"column":64}},{"start":{"line":24,"column":67},"end":{"line":24,"column":71}}]}},"s":{"0":2,"1":2,"2":6,"3":6,"4":5,"5":5,"6":2},"f":{"0":2,"1":6,"2":5},"b":{"0":[3,2]}}
,"C:\\repositories\\fc4-tdd\\src\\infrastructure\\repositories\\typeorm_property_repository.ts": {"path":"C:\\repositories\\fc4-tdd\\src\\infrastructure\\repositories\\typeorm_property_repository.ts","statementMap":{"0":{"start":{"line":4,"column":0},"end":{"line":4,"column":72}},"1":{"start":{"line":11,"column":4},"end":{"line":11,"column":33}},"2":{"start":{"line":15,"column":27},"end":{"line":15,"column":65}},"3":{"start":{"line":16,"column":4},"end":{"line":16,"column":47}},"4":{"start":{"line":20,"column":27},"end":{"line":20,"column":75}},"5":{"start":{"line":21,"column":4},"end":{"line":21,"column":75}},"6":{"start":{"line":7,"column":0},"end":{"line":7,"column":13}}},"fnMap":{"0":{"name":"(anonymous_7)","decl":{"start":{"line":10,"column":2},"end":{"line":10,"column":14}},"loc":{"start":{"line":10,"column":52},"end":{"line":12,"column":3}}},"1":{"name":"(anonymous_8)","decl":{"start":{"line":14,"column":8},"end":{"line":14,"column":12}},"loc":{"start":{"line":14,"column":31},"end":{"line":17,"column":null}}},"2":{"name":"(anonymous_10)","decl":{"start":{"line":19,"column":8},"end":{"line":19,"column":16}},"loc":{"start":{"line":19,"column":27},"end":{"line":22,"column":null}}}},"branchMap":{"0":{"loc":{"start":{"line":21,"column":11},"end":{"line":21,"column":74}},"type":"cond-expr","locations":[{"start":{"line":21,"column":28},"end":{"line":21,"column":67}},{"start":{"line":21,"column":70},"end":{"line":21,"column":74}}]}},"s":{"0":2,"1":2,"2":2,"3":2,"4":6,"5":6,"6":2},"f":{"0":2,"1":2,"2":6},"b":{"0":[4,2]}}
,"C:\\repositories\\fc4-tdd\\src\\infrastructure\\repositories\\typeorm_user_repository.ts": {"path":"C:\\repositories\\fc4-tdd\\src\\infrastructure\\repositories\\typeorm_user_repository.ts","statementMap":{"0":{"start":{"line":5,"column":0},"end":{"line":5,"column":64}},"1":{"start":{"line":11,"column":4},"end":{"line":11,"column":33}},"2":{"start":{"line":15,"column":23},"end":{"line":15,"column":53}},"3":{"start":{"line":16,"column":4},"end":{"line":16,"column":43}},"4":{"start":{"line":20,"column":23},"end":{"line":20,"column":71}},"5":{"start":{"line":21,"column":4},"end":{"line":21,"column":63}},"6":{"start":{"line":7,"column":0},"end":{"line":7,"column":13}}},"fnMap":{"0":{"name":"(anonymous_7)","decl":{"start":{"line":10,"column":2},"end":{"line":10,"column":14}},"loc":{"start":{"line":10,"column":48},"end":{"line":12,"column":3}}},"1":{"name":"(anonymous_8)","decl":{"start":{"line":14,"column":8},"end":{"line":14,"column":12}},"loc":{"start":{"line":14,"column":23},"end":{"line":17,"column":null}}},"2":{"name":"(anonymous_10)","decl":{"start":{"line":19,"column":8},"end":{"line":19,"column":16}},"loc":{"start":{"line":19,"column":27},"end":{"line":22,"column":null}}}},"branchMap":{"0":{"loc":{"start":{"line":21,"column":11},"end":{"line":21,"column":62}},"type":"cond-expr","locations":[{"start":{"line":21,"column":24},"end":{"line":21,"column":55}},{"start":{"line":21,"column":58},"end":{"line":21,"column":62}}]}},"s":{"0":3,"1":3,"2":3,"3":3,"4":5,"5":5,"6":3},"f":{"0":3,"1":3,"2":5},"b":{"0":[4,1]}}
,"C:\\repositories\\fc4-tdd\\src\\infrastructure\\web\\booking_controller.ts": {"path":"C:\\repositories\\fc4-tdd\\src\\infrastructure\\web\\booking_controller.ts","statementMap":{"0":{"start":{"line":9,"column":4},"end":{"line":9,"column":41}},"1":{"start":{"line":13,"column":4},"end":{"line":50,"column":5}},"2":{"start":{"line":14,"column":24},"end":{"line":14,"column":52}},"3":{"start":{"line":15,"column":22},"end":{"line":15,"column":48}},"4":{"start":{"line":17,"column":6},"end":{"line":21,"column":7}},"5":{"start":{"line":18,"column":8},"end":{"line":20,"column":64}},"6":{"start":{"line":23,"column":36},"end":{"line":29,"column":8}},"7":{"start":{"line":31,"column":22},"end":{"line":31,"column":66}},"8":{"start":{"line":33,"column":6},"end":{"line":45,"column":9}},"9":{"start":{"line":47,"column":6},"end":{"line":49,"column":76}},"10":{"start":{"line":54,"column":4},"end":{"line":63,"column":5}},"11":{"start":{"line":55,"column":24},"end":{"line":55,"column":48}},"12":{"start":{"line":56,"column":6},"end":{"line":56,"column":57}},"13":{"start":{"line":58,"column":6},"end":{"line":60,"column":61}},"14":{"start":{"line":62,"column":6},"end":{"line":62,"column":74}},"15":{"start":{"line":5,"column":0},"end":{"line":5,"column":13}}},"fnMap":{"0":{"name":"(anonymous_7)","decl":{"start":{"line":8,"column":2},"end":{"line":8,"column":14}},"loc":{"start":{"line":8,"column":44},"end":{"line":10,"column":3}}},"1":{"name":"(anonymous_8)","decl":{"start":{"line":12,"column":8},"end":{"line":12,"column":21}},"loc":{"start":{"line":12,"column":49},"end":{"line":51,"column":null}}},"2":{"name":"(anonymous_10)","decl":{"start":{"line":53,"column":8},"end":{"line":53,"column":21}},"loc":{"start":{"line":53,"column":49},"end":{"line":64,"column":null}}}},"branchMap":{"0":{"loc":{"start":{"line":17,"column":6},"end":{"line":21,"column":7}},"type":"if","locations":[{"start":{"line":17,"column":6},"end":{"line":21,"column":7}}]},"1":{"loc":{"start":{"line":17,"column":10},"end":{"line":17,"column":64}},"type":"binary-expr","locations":[{"start":{"line":17,"column":10},"end":{"line":17,"column":36}},{"start":{"line":17,"column":40},"end":{"line":17,"column":64}}]},"2":{"loc":{"start":{"line":49,"column":25},"end":{"line":49,"column":72}},"type":"binary-expr","locations":[{"start":{"line":49,"column":25},"end":{"line":49,"column":38}},{"start":{"line":49,"column":42},"end":{"line":49,"column":72}}]}},"s":{"0":1,"1":6,"2":6,"3":6,"4":6,"5":2,"6":4,"7":4,"8":2,"9":2,"10":2,"11":2,"12":2,"13":1,"14":1,"15":1},"f":{"0":1,"1":6,"2":2},"b":{"0":[2],"1":[6,5],"2":[2,0]}}
,"C:\\repositories\\fc4-tdd\\src\\infrastructure\\web\\user_controller.ts": {"path":"C:\\repositories\\fc4-tdd\\src\\infrastructure\\web\\user_controller.ts","statementMap":{"0":{"start":{"line":7,"column":8},"end":{"line":7,"column":39}},"1":{"start":{"line":11,"column":7},"end":{"line":20,"column":8}},"2":{"start":{"line":12,"column":26},"end":{"line":12,"column":34}},"3":{"start":{"line":14,"column":24},"end":{"line":14,"column":32}},"4":{"start":{"line":16,"column":21},"end":{"line":16,"column":63}},"5":{"start":{"line":17,"column":8},"end":{"line":17,"column":78}},"6":{"start":{"line":19,"column":8},"end":{"line":19,"column":98}},"7":{"start":{"line":3,"column":0},"end":{"line":3,"column":13}}},"fnMap":{"0":{"name":"(anonymous_7)","decl":{"start":{"line":6,"column":4},"end":{"line":6,"column":16}},"loc":{"start":{"line":6,"column":40},"end":{"line":8,"column":5}}},"1":{"name":"(anonymous_8)","decl":{"start":{"line":10,"column":10},"end":{"line":10,"column":20}},"loc":{"start":{"line":10,"column":48},"end":{"line":21,"column":null}}}},"branchMap":{"0":{"loc":{"start":{"line":19,"column":47},"end":{"line":19,"column":94}},"type":"binary-expr","locations":[{"start":{"line":19,"column":47},"end":{"line":19,"column":60}},{"start":{"line":19,"column":64},"end":{"line":19,"column":94}}]}},"s":{"0":1,"1":2,"2":2,"3":2,"4":2,"5":1,"6":1,"7":1},"f":{"0":1,"1":2},"b":{"0":[1,0]}}
}
