TN:
SF:src\application\services\booking_service.ts
FN:11,(anonymous_7)
FN:17,(anonymous_8)
FN:44,(anonymous_10)
FNF:3
FNH:3
FNDA:7,(anonymous_7)
FNDA:10,(anonymous_8)
FNDA:4,(anonymous_10)
DA:1,2
DA:2,2
DA:4,2
DA:8,2
DA:10,2
DA:12,7
DA:13,7
DA:14,7
DA:18,10
DA:21,10
DA:22,2
DA:25,8
DA:26,8
DA:27,1
DA:30,7
DA:32,7
DA:40,5
DA:41,5
DA:45,4
DA:47,4
DA:48,2
DA:51,2
DA:52,2
LF:23
LH:23
BRDA:21,0,0,2
BRDA:26,1,0,1
BRDA:47,2,0,2
BRDA:51,3,0,0
BRDA:51,3,1,2
BRDA:51,4,0,2
BRDA:51,4,1,2
BRF:7
BRH:6
end_of_record
TN:
SF:src\application\services\property_service.ts
FN:5,(anonymous_7)
FN:7,(anonymous_8)
FNF:2
FNH:2
FNDA:4,(anonymous_7)
FNDA:7,(anonymous_8)
DA:4,3
DA:5,4
DA:8,7
LF:3
LH:3
BRF:0
BRH:0
end_of_record
TN:
SF:src\application\services\user_service.ts
FN:8,(anonymous_7)
FN:9,(anonymous_8)
FN:16,(anonymous_10)
FNF:3
FNH:3
FNDA:5,(anonymous_7)
FNDA:6,(anonymous_8)
FNDA:2,(anonymous_10)
DA:1,4
DA:4,4
DA:7,4
DA:8,5
DA:10,6
DA:11,6
DA:12,1
DA:14,5
DA:18,2
DA:20,1
LF:10
LH:10
BRDA:11,0,0,1
BRF:1
BRH:1
end_of_record
TN:
SF:src\domain\cancelation\full_refund.ts
FN:4,(anonymous_0)
FNF:1
FNH:1
FNDA:1,(anonymous_0)
DA:3,6
DA:5,1
LF:2
LH:2
BRF:0
BRH:0
end_of_record
TN:
SF:src\domain\cancelation\no_refund copy.ts
FN:4,(anonymous_0)
FNF:1
FNH:1
FNDA:3,(anonymous_0)
DA:3,6
DA:5,3
LF:2
LH:2
BRF:0
BRH:0
end_of_record
TN:
SF:src\domain\cancelation\partial_refund.ts
FN:4,(anonymous_0)
FNF:1
FNH:1
FNDA:3,(anonymous_0)
DA:3,6
DA:5,3
LF:2
LH:2
BRF:0
BRH:0
end_of_record
TN:
SF:src\domain\cancelation\refund_rule_factory.ts
FN:7,(anonymous_0)
FNF:1
FNH:1
FNDA:7,(anonymous_0)
DA:1,6
DA:2,6
DA:3,6
DA:6,6
DA:8,7
DA:9,1
DA:10,6
DA:11,3
DA:13,3
LF:9
LH:9
BRDA:8,0,0,1
BRDA:8,0,1,6
BRDA:10,1,0,3
BRF:3
BRH:3
end_of_record
TN:
SF:src\domain\entities\booking.ts
FN:17,(anonymous_0)
FN:46,(anonymous_1)
FN:50,(anonymous_2)
FN:54,(anonymous_3)
FN:58,(anonymous_4)
FN:62,(anonymous_5)
FN:66,(anonymous_6)
FN:70,(anonymous_7)
FN:74,(anonymous_8)
FN:78,(anonymous_9)
FNF:10
FNH:10
FNDA:25,(anonymous_0)
FNDA:21,(anonymous_1)
FNDA:12,(anonymous_2)
FNDA:1,(anonymous_3)
FNDA:24,(anonymous_4)
FNDA:11,(anonymous_5)
FNDA:19,(anonymous_6)
FNDA:15,(anonymous_7)
FNDA:11,(anonymous_8)
FNDA:8,(anonymous_9)
DA:3,6
DA:8,6
DA:14,25
DA:24,25
DA:25,2
DA:27,23
DA:29,22
DA:30,2
DA:35,20
DA:36,20
DA:37,20
DA:38,20
DA:39,20
DA:40,20
DA:41,20
DA:43,20
DA:47,21
DA:51,12
DA:55,1
DA:59,24
DA:63,11
DA:67,19
DA:71,15
DA:75,11
DA:79,8
DA:80,1
DA:83,7
DA:84,7
DA:85,7
DA:87,7
DA:88,7
DA:89,7
LF:32
LH:32
BRDA:24,0,0,2
BRDA:29,1,0,2
BRDA:79,2,0,1
BRF:3
BRH:3
end_of_record
TN:
SF:src\domain\entities\property.ts
FN:6,(anonymous_0)
FN:26,(anonymous_1)
FN:30,(anonymous_2)
FN:34,(anonymous_3)
FN:38,(anonymous_4)
FN:42,(anonymous_5)
FN:46,(anonymous_6)
FN:54,(anonymous_7)
FN:65,(anonymous_8)
FN:67,(anonymous_9)
FN:73,(anonymous_10)
FNF:11
FNH:11
FNDA:39,(anonymous_0)
FNDA:26,(anonymous_1)
FNDA:16,(anonymous_2)
FNDA:13,(anonymous_3)
FNDA:13,(anonymous_4)
FNDA:13,(anonymous_5)
FNDA:20,(anonymous_6)
FNDA:19,(anonymous_7)
FNDA:20,(anonymous_8)
FNDA:3,(anonymous_9)
FNDA:17,(anonymous_10)
DA:4,8
DA:5,39
DA:7,39
DA:8,39
DA:9,39
DA:10,39
DA:11,39
DA:13,39
DA:14,2
DA:16,37
DA:17,1
DA:19,36
DA:20,36
DA:21,36
DA:22,36
DA:23,36
DA:27,26
DA:31,16
DA:35,13
DA:39,13
DA:43,13
DA:47,20
DA:48,2
DA:55,19
DA:56,19
DA:58,19
DA:59,3
DA:62,19
DA:66,20
DA:68,3
DA:74,17
LF:31
LH:31
BRDA:13,0,0,2
BRDA:16,1,0,1
BRDA:47,2,0,2
BRDA:58,3,0,3
BRDA:68,4,0,3
BRDA:68,4,1,3
BRF:6
BRH:6
end_of_record
TN:
SF:src\domain\entities\user.ts
FN:4,(anonymous_0)
FN:16,(anonymous_1)
FN:20,(anonymous_2)
FNF:3
FNH:3
FNDA:44,(anonymous_0)
FNDA:29,(anonymous_1)
FNDA:19,(anonymous_2)
DA:1,12
DA:5,44
DA:6,2
DA:9,42
DA:10,1
DA:13,41
DA:14,41
DA:17,29
DA:21,19
LF:9
LH:9
BRDA:5,0,0,2
BRDA:9,1,0,1
BRF:2
BRH:2
end_of_record
TN:
SF:src\domain\value_objects\date_range.ts
FN:5,(anonymous_0)
FN:11,(anonymous_1)
FN:20,(anonymous_2)
FN:24,(anonymous_3)
FN:28,(anonymous_4)
FN:33,(anonymous_5)
FNF:6
FNH:6
FNDA:35,(anonymous_0)
FNDA:35,(anonymous_1)
FNDA:22,(anonymous_2)
FNDA:11,(anonymous_3)
FNDA:21,(anonymous_4)
FNDA:4,(anonymous_5)
DA:1,7
DA:6,35
DA:7,33
DA:8,33
DA:12,35
DA:13,1
DA:15,34
DA:16,1
DA:21,22
DA:25,11
DA:29,21
DA:30,21
DA:34,4
LF:13
LH:13
BRDA:12,0,0,1
BRDA:15,1,0,1
BRDA:35,2,0,4
BRDA:35,2,1,4
BRF:4
BRH:4
end_of_record
TN:
SF:src\infrastructure\persistence\entities\booking_entity.ts
FN:17,(anonymous_2)
FN:17,(anonymous_3)
FN:23,(anonymous_4)
FNF:3
FNH:3
FNDA:3,(anonymous_2)
FNDA:3,(anonymous_3)
FNDA:3,(anonymous_4)
DA:1,5
DA:9,5
DA:10,5
DA:13,5
DA:15,5
DA:17,3
DA:21,5
DA:23,3
DA:25,5
DA:28,5
DA:31,5
DA:34,5
DA:37,5
DA:40,5
LF:14
LH:14
BRF:0
BRH:0
end_of_record
TN:
SF:src\infrastructure\persistence\entities\property_entity.ts
FN:21,(anonymous_2)
FN:21,(anonymous_3)
FNF:2
FNH:2
FNDA:3,(anonymous_2)
FNDA:3,(anonymous_3)
DA:1,5
DA:2,5
DA:5,5
DA:7,5
DA:10,5
DA:13,5
DA:16,5
DA:19,5
DA:21,3
DA:22,5
LF:10
LH:10
BRF:0
BRH:0
end_of_record
TN:
SF:src\infrastructure\persistence\entities\user_entity.ts
FNF:0
FNH:0
DA:1,7
DA:4,7
DA:6,7
DA:9,7
LF:4
LH:4
BRF:0
BRH:0
end_of_record
TN:
SF:src\infrastructure\persistence\mappers\booking_mapper.ts
FN:9,(anonymous_0)
FN:27,(anonymous_1)
FNF:2
FNH:2
FNDA:5,(anonymous_0)
FNDA:7,(anonymous_1)
DA:1,3
DA:3,3
DA:4,3
DA:5,3
DA:6,3
DA:8,3
DA:10,5
DA:11,4
DA:13,4
DA:21,4
DA:22,4
DA:24,4
DA:28,7
DA:29,7
DA:30,7
DA:31,7
DA:32,7
DA:33,7
DA:34,7
DA:35,7
DA:36,7
DA:37,7
LF:22
LH:22
BRDA:15,0,0,4
BRDA:15,0,1,4
BRF:2
BRH:2
end_of_record
TN:
SF:src\infrastructure\persistence\mappers\property_mapper.ts
FN:5,(anonymous_0)
FN:15,(anonymous_1)
FNF:2
FNH:2
FNDA:10,(anonymous_0)
FNDA:10,(anonymous_1)
DA:1,5
DA:2,5
DA:4,5
DA:6,10
DA:16,10
DA:17,10
DA:18,10
DA:19,10
DA:20,10
DA:21,10
DA:22,10
LF:11
LH:11
BRF:0
BRH:0
end_of_record
TN:
SF:src\infrastructure\persistence\mappers\user_mapper.ts
FN:5,(anonymous_0)
FN:9,(anonymous_1)
FNF:2
FNH:2
FNDA:9,(anonymous_0)
FNDA:10,(anonymous_1)
DA:1,5
DA:2,5
DA:4,5
DA:6,9
DA:10,10
DA:11,10
DA:12,10
DA:13,10
LF:8
LH:8
BRF:0
BRH:0
end_of_record
TN:
SF:src\infrastructure\persistence\mappers\user_mappers.ts
FN:5,(anonymous_0)
FN:9,(anonymous_1)
FNF:2
FNH:2
FNDA:8,(anonymous_0)
FNDA:1,(anonymous_1)
DA:2,3
DA:4,3
DA:6,8
DA:10,1
LF:4
LH:4
BRF:0
BRH:0
end_of_record
TN:
SF:src\infrastructure\repositories\fake_booking_repository.ts
FN:4,(anonymous_7)
FN:7,(anonymous_8)
FN:11,(anonymous_10)
FN:12,(anonymous_12)
FNF:4
FNH:4
FNDA:6,(anonymous_7)
FNDA:4,(anonymous_8)
FNDA:4,(anonymous_10)
FNDA:3,(anonymous_12)
DA:4,1
DA:5,6
DA:8,4
DA:12,4
LF:4
LH:4
BRDA:12,0,0,4
BRDA:12,0,1,1
BRF:2
BRH:2
end_of_record
TN:
SF:src\infrastructure\repositories\fake_property_repository.ts
FN:4,(anonymous_7)
FN:10,(anonymous_8)
FN:11,(anonymous_10)
FN:14,(anonymous_11)
FNF:4
FNH:4
FNDA:3,(anonymous_7)
FNDA:3,(anonymous_8)
FNDA:6,(anonymous_10)
FNDA:1,(anonymous_11)
DA:1,1
DA:4,1
DA:5,3
DA:11,6
DA:15,1
LF:5
LH:5
BRDA:11,0,0,2
BRDA:11,0,1,1
BRDA:11,1,0,3
BRDA:11,1,1,3
BRF:4
BRH:4
end_of_record
TN:
SF:src\infrastructure\repositories\fake_user_repository.ts
FN:4,(anonymous_7)
FN:10,(anonymous_8)
FN:11,(anonymous_10)
FN:14,(anonymous_11)
FNF:4
FNH:4
FNDA:3,(anonymous_7)
FNDA:3,(anonymous_8)
FNDA:6,(anonymous_10)
FNDA:1,(anonymous_11)
DA:1,1
DA:4,1
DA:5,3
DA:11,6
DA:15,1
LF:5
LH:5
BRDA:11,0,0,3
BRDA:11,0,1,1
BRF:2
BRH:2
end_of_record
TN:
SF:src\infrastructure\repositories\typeorm_booking_repository.ts
FN:10,(anonymous_7)
FN:14,(anonymous_8)
FN:19,(anonymous_10)
FNF:3
FNH:3
FNDA:2,(anonymous_7)
FNDA:6,(anonymous_8)
FNDA:5,(anonymous_10)
DA:5,2
DA:7,2
DA:11,2
DA:15,6
DA:16,6
DA:20,5
DA:24,5
LF:7
LH:7
BRDA:24,0,0,3
BRDA:24,0,1,2
BRF:2
BRH:2
end_of_record
TN:
SF:src\infrastructure\repositories\typeorm_property_repository.ts
FN:10,(anonymous_7)
FN:14,(anonymous_8)
FN:19,(anonymous_10)
FNF:3
FNH:3
FNDA:2,(anonymous_7)
FNDA:2,(anonymous_8)
FNDA:6,(anonymous_10)
DA:4,2
DA:7,2
DA:11,2
DA:15,2
DA:16,2
DA:20,6
DA:21,6
LF:7
LH:7
BRDA:21,0,0,4
BRDA:21,0,1,2
BRF:2
BRH:2
end_of_record
TN:
SF:src\infrastructure\repositories\typeorm_user_repository.ts
FN:10,(anonymous_7)
FN:14,(anonymous_8)
FN:19,(anonymous_10)
FNF:3
FNH:3
FNDA:3,(anonymous_7)
FNDA:3,(anonymous_8)
FNDA:5,(anonymous_10)
DA:5,3
DA:7,3
DA:11,3
DA:15,3
DA:16,3
DA:20,5
DA:21,5
LF:7
LH:7
BRDA:21,0,0,4
BRDA:21,0,1,1
BRF:2
BRH:2
end_of_record
TN:
SF:src\infrastructure\web\booking_controller.ts
FN:8,(anonymous_7)
FN:12,(anonymous_8)
FN:53,(anonymous_10)
FNF:3
FNH:3
FNDA:1,(anonymous_7)
FNDA:6,(anonymous_8)
FNDA:2,(anonymous_10)
DA:5,1
DA:9,1
DA:13,6
DA:14,6
DA:15,6
DA:17,6
DA:18,2
DA:23,4
DA:31,4
DA:33,2
DA:47,2
DA:54,2
DA:55,2
DA:56,2
DA:58,1
DA:62,1
LF:16
LH:16
BRDA:17,0,0,2
BRDA:17,1,0,6
BRDA:17,1,1,5
BRDA:49,2,0,2
BRDA:49,2,1,0
BRF:5
BRH:4
end_of_record
TN:
SF:src\infrastructure\web\user_controller.ts
FN:6,(anonymous_7)
FN:10,(anonymous_8)
FNF:2
FNH:2
FNDA:1,(anonymous_7)
FNDA:2,(anonymous_8)
DA:3,1
DA:7,1
DA:11,2
DA:12,2
DA:14,2
DA:16,2
DA:17,1
DA:19,1
LF:8
LH:8
BRDA:19,0,0,1
BRDA:19,0,1,0
BRF:2
BRH:1
end_of_record
